app/proguard-rules.pro
# only shrink libraries, i do not care about deobfuscation, the app is already open source
-keep class * extends com.metinkale.** { *; }
-keep class * extends org.metinkale.** { *; }
-keep class * extends com.metinkale.**$* { *; }
-keep class * extends org.metinkale.**$* { *; }

-dontobfuscate
-printmapping mapping.txt

### see https://github.com/krschultz/android-proguard-snippets for library proguard files

## GSON 2.2.4 specific rules ##

# Gson uses generic type information stored in a class file when working with fields. Proguard
# removes such information by default, so configure it to keep all of it.
-keepattributes Signature

# For using GSON @Expose annotation
-keepattributes *Annotation*

-keepattributes EnclosingMethod

# Gson specific classes
-keep class sun.misc.Unsafe { *; }
-keep class com.google.gson.stream.** { *; }


# Crashlytics 2.+

-keep class com.crashlytics.** { *; }
-keep class com.crashlytics.android.**
-keepattributes SourceFile, LineNumberTable, *Annotation*

# If you are using custom exceptions, add this line so that custom exception types are skipped during obfuscation:
-keep public class * extends java.lang.Exception

# For Fabric to properly de-obfuscate your crash reports, you need to remove this line from your ProGuard config:
# -printmapping mapping.txt


## Joda Time 2.3

-dontwarn org.joda.convert.**
-dontwarn org.joda.time.**
-keep class org.joda.time.** { *; }
-keep interface org.joda.time.** { *; }