app/mapping.txt
# compiler: R8
# compiler_version: 1.4.77
# min_api: 16
com.metinkale.prayer.AliasManager -> com.metinkale.prayer.AliasManager:
    34:34:void <init>() -> <init>
    37:46:void onPrefsChanged(java.lang.String) -> onPrefsChanged
com.metinkale.prayer.App -> com.metinkale.prayer.App:
    97:98:void <init>() -> <init>
    45:45:java.lang.Thread$UncaughtExceptionHandler access$000(com.metinkale.prayer.App) -> access$000
    139:141:void attachBaseContext(android.content.Context) -> attachBaseContext
    75:75:com.metinkale.prayer.App get() -> get
    93:93:android.os.Handler getHandler() -> getHandler
    163:163:java.lang.String getUserAgent() -> getUserAgent
    81:83:boolean isOnline() -> isOnline
    104:131:void onCreate() -> onCreate
    149:152:void onSharedPreferenceChanged(android.content.SharedPreferences,java.lang.String) -> onSharedPreferenceChanged
com.metinkale.prayer.App$1 -> com.metinkale.prayer.App$1:
    54:54:void <init>(com.metinkale.prayer.App) -> <init>
    58:68:void uncaughtException(java.lang.Thread,java.lang.Throwable) -> uncaughtException
com.metinkale.prayer.BaseActivity -> com.metinkale.prayer.BaseActivity:
    65:68:void <init>(int,int,androidx.fragment.app.Fragment) -> <init>
    57:57:android.widget.ListView access$000(com.metinkale.prayer.BaseActivity) -> access$000
    57:57:int access$100(com.metinkale.prayer.BaseActivity) -> access$100
    96:100:void attachBaseContext(android.content.Context) -> attachBaseContext
    216:216:android.widget.ArrayAdapter buildNavAdapter(android.content.Context) -> buildNavAdapter
    359:359:androidx.fragment.app.Fragment getDefaultFragment() -> getDefaultFragment
    272:276:boolean isRTL() -> isRTL
    155:156:void lambda$onCreate$0() -> lambda$onCreate$0$BaseActivity
    203:211:void moveToFrag(androidx.fragment.app.Fragment) -> moveToFrag
    287:293:void onBackStackChanged() -> onBackStackChanged
    107:190:void onCreate(android.os.Bundle) -> onCreate
    304:310:void onItemClick(android.widget.AdapterView,android.view.View,int,long) -> onItemClick
    258:264:boolean onOptionsItemSelected(android.view.MenuItem) -> onOptionsItemSelected
    282:282:void onRequestPermissionsResult(int,java.lang.String[],int[]) -> onRequestPermissionsResult
    251:252:void onResume() -> onResume
    196:197:void onSaveInstanceState(android.os.Bundle) -> onSaveInstanceState
    363:363:void setDefaultFragment(androidx.fragment.app.Fragment) -> setDefaultFragment
com.metinkale.prayer.BaseActivity$1 -> com.metinkale.prayer.BaseActivity$1:
    141:141:void <init>(com.metinkale.prayer.BaseActivity) -> <init>
    144:148:void onGlobalLayout() -> onGlobalLayout
com.metinkale.prayer.BaseActivity$2 -> com.metinkale.prayer.BaseActivity$2:
    216:216:void <init>(com.metinkale.prayer.BaseActivity,android.content.Context,int,com.metinkale.prayer.Module[],android.content.Context) -> <init>
    221:239:android.view.View getView(int,android.view.View,android.view.ViewGroup) -> getView
com.metinkale.prayer.BaseActivity$MainFragment -> com.metinkale.prayer.BaseActivity$MainFragment:
    318:319:void <init>() -> <init>
    344:346:boolean back() -> back
    336:339:void backToMain() -> backToMain
    332:332:com.metinkale.prayer.BaseActivity getBaseActivity() -> getBaseActivity
    354:354:void moveToFrag(androidx.fragment.app.Fragment) -> moveToFrag
com.metinkale.prayer.CalendarIntegrationService -> com.metinkale.prayer.CalendarIntegrationService:
    52:52:void <init>() -> <init>
    68:70:void onCreate() -> onCreate
    76:78:void onDestroy() -> onDestroy
    84:135:void onHandleIntent(android.content.Intent) -> onHandleIntent
    57:62:void startCalendarIntegration(android.content.Context) -> startCalendarIntegration
...
com.crashlytics.android.core.CrashlyticsController$SessionPartFileFilter -> com.crashlytics.android.core.CrashlyticsController$SessionPartFileFilter:
    117:118:void <init>(java.lang.String) -> <init>
    123:127:boolean accept(java.io.File,java.lang.String) -> accept
com.crashlytics.android.core.CrashlyticsCore -> com.crashlytics.android.core.CrashlyticsCore:
    176:176:void <init>() -> <init>
    182:181:void <init>(float,com.crashlytics.android.core.CrashlyticsListener,com.crashlytics.android.core.PinningInfoProvider,boolean) -> <init>
    190:198:void <init>(float,com.crashlytics.android.core.CrashlyticsListener,com.crashlytics.android.core.PinningInfoProvider,boolean,java.util.concurrent.ExecutorService) -> <init>
    47:47:com.crashlytics.android.core.CrashlyticsFileMarker access$100(com.crashlytics.android.core.CrashlyticsCore) -> access$100
    810:822:void checkForPreviousCrash() -> checkForPreviousCrash
    637:637:void crash() -> crash
    833:833:void createCrashMarker() -> createCrashMarker
    775:775:boolean didPreviousInitializationFail() -> didPreviousInitializationFail
    45:45:java.lang.Object doInBackground() -> doInBackground
    315:370:java.lang.Void doInBackground() -> doInBackground
    445:454:void doLog(int,java.lang.String,java.lang.String) -> doLog
    845:847:boolean ensureFabricWithCalled(java.lang.String) -> ensureFabricWithCalled
    704:729:void finishInitSynchronously() -> finishInitSynchronously
    841:841:java.lang.String formatLogMessage(int,java.lang.String,java.lang.String) -> formatLogMessage
    675:675:java.util.Map getAttributes() -> getAttributes
    679:679:com.crashlytics.android.core.CrashlyticsController getController() -> getController
com.crashlytics.android.core.CrashlyticsCore$1 -> com.crashlytics.android.core.CrashlyticsCore$1:
    704:704:void <init>(com.crashlytics.android.core.CrashlyticsCore) -> <init>
    704:704:java.lang.Object call() -> call
    707:707:java.lang.Void call() -> call
    712:712:io.fabric.sdk.android.services.concurrency.Priority getPriority() -> getPriority
com.crashlytics.android.core.CrashlyticsCore$2 -> com.crashlytics.android.core.CrashlyticsCore$2:
    741:741:void <init>(com.crashlytics.android.core.CrashlyticsCore) -> <init>
    741:741:java.lang.Object call() -> call
    746:747:java.lang.Void call() -> call
com.crashlytics.android.core.CrashlyticsCore$3 -> com.crashlytics.android.core.CrashlyticsCore$3:
    757:757:void <init>(com.crashlytics.android.core.CrashlyticsCore) -> <init>
    757:757:java.lang.Object call() -> call
    761:768:java.lang.Boolean call() -> call
com.crashlytics.android.core.CrashlyticsCore$Builder -> com.crashlytics.android.core.CrashlyticsCore$Builder:
    97:101:void <init>() -> <init>
    164:167:com.crashlytics.android.core.CrashlyticsCore build() -> build
    111:108:com.crashlytics.android.core.CrashlyticsCore$Builder delay(float) -> delay
    159:159:com.crashlytics.android.core.CrashlyticsCore$Builder disabled(boolean) -> disabled
    126:123:com.crashlytics.android.core.CrashlyticsCore$Builder listener(com.crashlytics.android.core.CrashlyticsListener) -> listener
    144:141:com.crashlytics.android.core.CrashlyticsCore$Builder pinningInfo(com.crashlytics.android.core.PinningInfoProvider) -> pinningInfo
com.crashlytics.android.core.CrashlyticsCore$CrashMarkerCheck -> com.crashlytics.android.core.CrashlyticsCore$CrashMarkerCheck:
    870:871:void <init>(com.crashlytics.android.core.CrashlyticsFileMarker) -> <init>
    866:866:java.lang.Object call() -> call
    876:883:java.lang.Boolean call() -> call
com.crashlytics.android.core.CrashlyticsCore$NoOpListener -> com.crashlytics.android.core.CrashlyticsCore$NoOpListener:
    887:887:void <init>() -> <init>
    887:887:void <init>(com.crashlytics.android.core.CrashlyticsCore$1) -> <init>